<?xml version="1.0" encoding="UTF-8"?>
<beans xmlns="http://www.springframework.org/schema/beans"
	xmlns:xsi="http://www.w3.org/2001/XMLSchema-instance" xmlns:context="http://www.springframework.org/schema/context"
	xmlns:util="http://www.springframework.org/schema/util"
	xsi:schemaLocation="http://www.springframework.org/schema/beans http://www.springframework.org/schema/beans/spring-beans-3.0.xsd
		http://www.springframework.org/schema/util http://www.springframework.org/schema/util/spring-util-3.1.xsd
		http://www.springframework.org/schema/context http://www.springframework.org/schema/context/spring-context-3.0.xsd">

	<import resource="META-INF/spring/phinvads-context.xml" />

	<bean id="serverContext" class="edu.mayo.cts2.framework.core.config.TestServerContext" />

	<bean id="cts2Marshaller" class="edu.mayo.cts2.framework.core.xml.DelegatingMarshaller" />

	<bean id="urlConstructor" name="urlConstructor"
		class="edu.mayo.cts2.framework.util.spring.UrlConstructorSpringFactory" />

	<bean id="pluginConfig"
		class="edu.mayo.cts2.framework.core.config.TestPluginConfigSpringFactory" />

	<bean id="pluginConfigManager"
		class="edu.mayo.cts2.framework.core.plugin.DefaultPluginConfigManager" />

	<bean id="configInitializer"
		class="edu.mayo.cts2.framework.core.config.TestConfigInitializerSpringFactory" />

	<bean id="namespaceResolutionService" class="edu.mayo.cts2.framework.plugin.service.phinvads.namespace.NamespaceResolutionService">
		<property name="namespaceServiceUrl" value="http://informatics.mayo.edu/cts2/services/bioportal-rdf" />
	</bean>

	<bean
		class="org.springframework.beans.factory.config.MethodInvokingFactoryBean">
		<property name="staticMethod">
			<value>org.springframework.util.Log4jConfigurer.initLogging</value>
		</property>
		<property name="arguments">
			<list>
				<value>classpath:testLog4j.properties</value>
			</list>
		</property>
	</bean>

</beans>
